<?xml version="1.0" encoding="UTF-8"?>
<!-- Generated by org.testng.reporters.JUnitReportReporter -->
<testsuite hostname="GOPI" failures="0" tests="3" name="org.tcs.AutomaticRerun" time="0.016" errors="0" timestamp="2025-04-25T12:15:05 IST" skipped="0">
  <testcase classname="org.tcs.AutomaticRerun" name="tc1" time="0.011"/>
  <testcase classname="org.tcs.AutomaticRerun" name="tc2" time="0.003"/>
  <testcase classname="org.tcs.AutomaticRerun" name="tc3" time="0.002"/>
</testsuite> <!-- org.tcs.AutomaticRerun -->
